2022-07-05T11:54:09.944+0200 [DEBUG] [org.gradle.launcher.daemon.bootstrap.DaemonMain] Assuming the daemon was started with following jvm opts: [-XX:MaxMetaspaceSize=256m, -XX:+HeapDumpOnOutOfMemoryError, -agentlib:jdwp=transport=dt_socket,server=n,suspend=y,address=127.0.0.1:53832, --add-opens, java.base/java.util=ALL-UNNAMED, --add-opens, java.base/java.lang=ALL-UNNAMED, --add-opens, java.base/java.lang.invoke=ALL-UNNAMED, --add-opens, java.prefs/java.util.prefs=ALL-UNNAMED, -Xms256m, -Xmx512m, -Dfile.encoding=windows-1252, -Duser.country=US, -Duser.language=en, -Duser.variant]
2022-07-05T11:54:10.059+0200 [DEBUG] [org.gradle.internal.nativeintegration.services.NativeServices] Native-platform posix files integration is not available. Continuing with fallback.
2022-07-05T11:54:10.074+0200 [INFO] [org.gradle.launcher.daemon.server.Daemon] start() called on daemon - DefaultDaemonContext[uid=cc131872-97c3-436d-b5a5-3720acc2f8b4,javaHome=C:\Users\ahobloss\.jdks\corretto-15.0.2,daemonRegistryDir=C:\Users\ahobloss\Documents\GitHub\plantuml-generation-intellij-plugin\src\main\daemon,pid=22172,idleTimeout=10800000,priority=NORMAL,daemonOpts=-XX:MaxMetaspaceSize=256m,-XX:+HeapDumpOnOutOfMemoryError,-agentlib:jdwp=transport=dt_socket,server=n,suspend=y,address=127.0.0.1:53832,--add-opens,java.base/java.util=ALL-UNNAMED,--add-opens,java.base/java.lang=ALL-UNNAMED,--add-opens,java.base/java.lang.invoke=ALL-UNNAMED,--add-opens,java.prefs/java.util.prefs=ALL-UNNAMED,-Xms256m,-Xmx512m,-Dfile.encoding=windows-1252,-Duser.country=US,-Duser.language=en,-Duser.variant]
2022-07-05T11:54:10.155+0200 [DEBUG] [org.gradle.internal.remote.internal.inet.InetAddresses] Adding IP addresses for network interface Software Loopback Interface 1
2022-07-05T11:54:10.158+0200 [DEBUG] [org.gradle.internal.remote.internal.inet.InetAddresses] Is this a loopback interface? true
2022-07-05T11:54:10.159+0200 [DEBUG] [org.gradle.internal.remote.internal.inet.InetAddresses] Adding loopback address /127.0.0.1
2022-07-05T11:54:10.159+0200 [DEBUG] [org.gradle.internal.remote.internal.inet.InetAddresses] Adding loopback address /0:0:0:0:0:0:0:1
2022-07-05T11:54:10.161+0200 [DEBUG] [org.gradle.internal.remote.internal.inet.InetAddresses] Adding IP addresses for network interface WAN Miniport (SSTP)
2022-07-05T11:54:10.165+0200 [DEBUG] [org.gradle.internal.remote.internal.inet.InetAddresses] Is this a loopback interface? false
2022-07-05T11:54:10.165+0200 [DEBUG] [org.gradle.internal.remote.internal.inet.InetAddresses] Adding IP addresses for network interface Microsoft 6to4 Adapter
2022-07-05T11:54:10.168+0200 [DEBUG] [org.gradle.internal.remote.internal.inet.InetAddresses] Is this a loopback interface? false
2022-07-05T11:54:10.169+0200 [DEBUG] [org.gradle.internal.remote.internal.inet.InetAddresses] Adding IP addresses for network interface WAN Miniport (PPPOE)
2022-07-05T11:54:10.172+0200 [DEBUG] [org.gradle.internal.remote.internal.inet.InetAddresses] Is this a loopback interface? false
2022-07-05T11:54:10.173+0200 [DEBUG] [org.gradle.internal.remote.internal.inet.InetAddresses] Adding IP addresses for network interface Cisco AnyConnect Secure Mobility Client Virtual Miniport Adapter for Windows x64
2022-07-05T11:54:10.175+0200 [DEBUG] [org.gradle.internal.remote.internal.inet.InetAddresses] Is this a loopback interface? false
2022-07-05T11:54:10.176+0200 [DEBUG] [org.gradle.internal.remote.internal.inet.InetAddresses] Adding remote address /10.44.254.30
2022-07-05T11:54:10.176+0200 [DEBUG] [org.gradle.internal.remote.internal.inet.InetAddresses] Adding remote address /fe80:0:0:0:701b:821d:68a8:846e%eth0
2022-07-05T11:54:10.176+0200 [DEBUG] [org.gradle.internal.remote.internal.inet.InetAddresses] Adding remote address /fe80:0:0:0:9843:7557:7b24:5d69%eth0
2022-07-05T11:54:10.176+0200 [DEBUG] [org.gradle.internal.remote.internal.inet.InetAddresses] Adding IP addresses for network interface WAN Miniport (IPv6)
2022-07-05T11:54:10.178+0200 [DEBUG] [org.gradle.internal.remote.internal.inet.InetAddresses] Is this a loopback interface? false
2022-07-05T11:54:10.179+0200 [DEBUG] [org.gradle.internal.remote.internal.inet.InetAddresses] Adding IP addresses for network interface WAN Miniport (PPTP)
2022-07-05T11:54:10.181+0200 [DEBUG] [org.gradle.internal.remote.internal.inet.InetAddresses] Is this a loopback interface? false
2022-07-05T11:54:10.182+0200 [DEBUG] [org.gradle.internal.remote.internal.inet.InetAddresses] Adding IP addresses for network interface Microsoft IP-HTTPS Platform Adapter
2022-07-05T11:54:10.184+0200 [DEBUG] [org.gradle.internal.remote.internal.inet.InetAddresses] Is this a loopback interface? false
2022-07-05T11:54:10.184+0200 [DEBUG] [org.gradle.internal.remote.internal.inet.InetAddresses] Adding IP addresses for network interface WAN Miniport (IKEv2)
2022-07-05T11:54:10.187+0200 [DEBUG] [org.gradle.internal.remote.internal.inet.InetAddresses] Is this a loopback interface? false
2022-07-05T11:54:10.187+0200 [DEBUG] [org.gradle.internal.remote.internal.inet.InetAddresses] Adding IP addresses for network interface Bluetooth Device (Personal Area Network)
2022-07-05T11:54:10.189+0200 [DEBUG] [org.gradle.internal.remote.internal.inet.InetAddresses] Is this a loopback interface? false
2022-07-05T11:54:10.189+0200 [DEBUG] [org.gradle.internal.remote.internal.inet.InetAddresses] Adding remote address /fe80:0:0:0:78fc:7934:ddb1:3ef9%eth2
2022-07-05T11:54:10.190+0200 [DEBUG] [org.gradle.internal.remote.internal.inet.InetAddresses] Adding IP addresses for network interface Juniper Networks Virtual Adapter
2022-07-05T11:54:10.192+0200 [DEBUG] [org.gradle.internal.remote.internal.inet.InetAddresses] Is this a loopback interface? false
2022-07-05T11:54:10.192+0200 [DEBUG] [org.gradle.internal.remote.internal.inet.InetAddresses] Adding IP addresses for network interface Juniper Networks Virtual Adapter #2
2022-07-05T11:54:10.194+0200 [DEBUG] [org.gradle.internal.remote.internal.inet.InetAddresses] Is this a loopback interface? false
2022-07-05T11:54:10.195+0200 [DEBUG] [org.gradle.internal.remote.internal.inet.InetAddresses] Adding IP addresses for network interface WAN Miniport (IP)
2022-07-05T11:54:10.197+0200 [DEBUG] [org.gradle.internal.remote.internal.inet.InetAddresses] Is this a loopback interface? false
2022-07-05T11:54:10.197+0200 [DEBUG] [org.gradle.internal.remote.internal.inet.InetAddresses] Adding IP addresses for network interface Microsoft Wi-Fi Direct Virtual Adapter #2
2022-07-05T11:54:10.201+0200 [DEBUG] [org.gradle.internal.remote.internal.inet.InetAddresses] Is this a loopback interface? false
2022-07-05T11:54:10.201+0200 [DEBUG] [org.gradle.internal.remote.internal.inet.InetAddresses] Adding remote address /fe80:0:0:0:e469:d794:84e4:3aff%wlan0
2022-07-05T11:54:10.201+0200 [DEBUG] [org.gradle.internal.remote.internal.inet.InetAddresses] Adding IP addresses for network interface Lenovo USB-C to Ethernet Adapter
2022-07-05T11:54:10.204+0200 [DEBUG] [org.gradle.internal.remote.internal.inet.InetAddresses] Is this a loopback interface? false
2022-07-05T11:54:10.204+0200 [DEBUG] [org.gradle.internal.remote.internal.inet.InetAddresses] Adding IP addresses for network interface Microsoft Teredo Tunneling Adapter
2022-07-05T11:54:10.207+0200 [DEBUG] [org.gradle.internal.remote.internal.inet.InetAddresses] Is this a loopback interface? false
2022-07-05T11:54:10.207+0200 [DEBUG] [org.gradle.internal.remote.internal.inet.InetAddresses] Adding IP addresses for network interface WAN Miniport (L2TP)
2022-07-05T11:54:10.210+0200 [DEBUG] [org.gradle.internal.remote.internal.inet.InetAddresses] Is this a loopback interface? false
2022-07-05T11:54:10.210+0200 [DEBUG] [org.gradle.internal.remote.internal.inet.InetAddresses] Adding IP addresses for network interface Citrix Virtual Adapter
2022-07-05T11:54:10.212+0200 [DEBUG] [org.gradle.internal.remote.internal.inet.InetAddresses] Is this a loopback interface? false
2022-07-05T11:54:10.213+0200 [DEBUG] [org.gradle.internal.remote.internal.inet.InetAddresses] Adding IP addresses for network interface Intel(R) Wi-Fi 6 AX201 160MHz
2022-07-05T11:54:10.217+0200 [DEBUG] [org.gradle.internal.remote.internal.inet.InetAddresses] Is this a loopback interface? false
2022-07-05T11:54:10.217+0200 [DEBUG] [org.gradle.internal.remote.internal.inet.InetAddresses] Adding remote address /192.168.2.109
2022-07-05T11:54:10.218+0200 [DEBUG] [org.gradle.internal.remote.internal.inet.InetAddresses] Adding remote address /2003:ed:8716:9d6a:f0e1:2068:1165:d253
2022-07-05T11:54:10.218+0200 [DEBUG] [org.gradle.internal.remote.internal.inet.InetAddresses] Adding remote address /2003:ed:8716:9d6a:19c:1fab:2e45:1ccb
2022-07-05T11:54:10.218+0200 [DEBUG] [org.gradle.internal.remote.internal.inet.InetAddresses] Adding remote address /fe80:0:0:0:f0e1:2068:1165:d253%wlan1
2022-07-05T11:54:10.219+0200 [DEBUG] [org.gradle.internal.remote.internal.inet.InetAddresses] Adding IP addresses for network interface Microsoft Kernel Debug Network Adapter
2022-07-05T11:54:10.222+0200 [DEBUG] [org.gradle.internal.remote.internal.inet.InetAddresses] Is this a loopback interface? false
2022-07-05T11:54:10.222+0200 [DEBUG] [org.gradle.internal.remote.internal.inet.InetAddresses] Adding IP addresses for network interface Microsoft Wi-Fi Direct Virtual Adapter
2022-07-05T11:54:10.225+0200 [DEBUG] [org.gradle.internal.remote.internal.inet.InetAddresses] Is this a loopback interface? false
2022-07-05T11:54:10.225+0200 [DEBUG] [org.gradle.internal.remote.internal.inet.InetAddresses] Adding remote address /fe80:0:0:0:8dac:f5e8:4056:973d%wlan2
2022-07-05T11:54:10.225+0200 [DEBUG] [org.gradle.internal.remote.internal.inet.InetAddresses] Adding IP addresses for network interface WAN Miniport (Network Monitor)
2022-07-05T11:54:10.227+0200 [DEBUG] [org.gradle.internal.remote.internal.inet.InetAddresses] Is this a loopback interface? false
2022-07-05T11:54:10.227+0200 [DEBUG] [org.gradle.internal.remote.internal.inet.InetAddresses] Adding IP addresses for network interface Intel(R) Wi-Fi 6 AX201 160MHz-WFP Native MAC Layer LightWeight Filter-0000
2022-07-05T11:54:10.230+0200 [DEBUG] [org.gradle.internal.remote.internal.inet.InetAddresses] Is this a loopback interface? false
2022-07-05T11:54:10.230+0200 [DEBUG] [org.gradle.internal.remote.internal.inet.InetAddresses] Adding IP addresses for network interface Intel(R) Wi-Fi 6 AX201 160MHz-Virtual WiFi Filter Driver-0000
2022-07-05T11:54:10.232+0200 [DEBUG] [org.gradle.internal.remote.internal.inet.InetAddresses] Is this a loopback interface? false
2022-07-05T11:54:10.232+0200 [DEBUG] [org.gradle.internal.remote.internal.inet.InetAddresses] Adding IP addresses for network interface Intel(R) Wi-Fi 6 AX201 160MHz-Native WiFi Filter Driver-0000
2022-07-05T11:54:10.235+0200 [DEBUG] [org.gradle.internal.remote.internal.inet.InetAddresses] Is this a loopback interface? false
2022-07-05T11:54:10.235+0200 [DEBUG] [org.gradle.internal.remote.internal.inet.InetAddresses] Adding IP addresses for network interface Intel(R) Wi-Fi 6 AX201 160MHz-Cisco AnyConnect Network Access Manager Filter Driver-0000
2022-07-05T11:54:10.237+0200 [DEBUG] [org.gradle.internal.remote.internal.inet.InetAddresses] Is this a loopback interface? false
2022-07-05T11:54:10.238+0200 [DEBUG] [org.gradle.internal.remote.internal.inet.InetAddresses] Adding IP addresses for network interface Intel(R) Wi-Fi 6 AX201 160MHz-Deterministic Network Enhancer-0000
2022-07-05T11:54:10.240+0200 [DEBUG] [org.gradle.internal.remote.internal.inet.InetAddresses] Is this a loopback interface? false
2022-07-05T11:54:10.240+0200 [DEBUG] [org.gradle.internal.remote.internal.inet.InetAddresses] Adding IP addresses for network interface Intel(R) Wi-Fi 6 AX201 160MHz-QoS Packet Scheduler-0000
2022-07-05T11:54:10.243+0200 [DEBUG] [org.gradle.internal.remote.internal.inet.InetAddresses] Is this a loopback interface? false
2022-07-05T11:54:10.243+0200 [DEBUG] [org.gradle.internal.remote.internal.inet.InetAddresses] Adding IP addresses for network interface Intel(R) Wi-Fi 6 AX201 160MHz-WFP 802.3 MAC Layer LightWeight Filter-0000
2022-07-05T11:54:10.245+0200 [DEBUG] [org.gradle.internal.remote.internal.inet.InetAddresses] Is this a loopback interface? false
2022-07-05T11:54:10.245+0200 [DEBUG] [org.gradle.internal.remote.internal.inet.InetAddresses] Adding IP addresses for network interface Microsoft Wi-Fi Direct Virtual Adapter #2-WFP Native MAC Layer LightWeight Filter-0000
2022-07-05T11:54:10.248+0200 [DEBUG] [org.gradle.internal.remote.internal.inet.InetAddresses] Is this a loopback interface? false
2022-07-05T11:54:10.248+0200 [DEBUG] [org.gradle.internal.remote.internal.inet.InetAddresses] Adding IP addresses for network interface Microsoft Wi-Fi Direct Virtual Adapter-WFP Native MAC Layer LightWeight Filter-0000
2022-07-05T11:54:10.250+0200 [DEBUG] [org.gradle.internal.remote.internal.inet.InetAddresses] Is this a loopback interface? false
2022-07-05T11:54:10.250+0200 [DEBUG] [org.gradle.internal.remote.internal.inet.InetAddresses] Adding IP addresses for network interface Microsoft Wi-Fi Direct Virtual Adapter-Native WiFi Filter Driver-0000
2022-07-05T11:54:10.252+0200 [DEBUG] [org.gradle.internal.remote.internal.inet.InetAddresses] Is this a loopback interface? false
2022-07-05T11:54:10.252+0200 [DEBUG] [org.gradle.internal.remote.internal.inet.InetAddresses] Adding IP addresses for network interface Microsoft Wi-Fi Direct Virtual Adapter-Deterministic Network Enhancer-0000
2022-07-05T11:54:10.254+0200 [DEBUG] [org.gradle.internal.remote.internal.inet.InetAddresses] Is this a loopback interface? false
2022-07-05T11:54:10.254+0200 [DEBUG] [org.gradle.internal.remote.internal.inet.InetAddresses] Adding IP addresses for network interface Microsoft Wi-Fi Direct Virtual Adapter-QoS Packet Scheduler-0000
2022-07-05T11:54:10.256+0200 [DEBUG] [org.gradle.internal.remote.internal.inet.InetAddresses] Is this a loopback interface? false
2022-07-05T11:54:10.256+0200 [DEBUG] [org.gradle.internal.remote.internal.inet.InetAddresses] Adding IP addresses for network interface WAN Miniport (IP)-WFP Native MAC Layer LightWeight Filter-0000
2022-07-05T11:54:10.258+0200 [DEBUG] [org.gradle.internal.remote.internal.inet.InetAddresses] Is this a loopback interface? false
2022-07-05T11:54:10.259+0200 [DEBUG] [org.gradle.internal.remote.internal.inet.InetAddresses] Adding IP addresses for network interface WAN Miniport (IP)-Deterministic Network Enhancer-0000
2022-07-05T11:54:10.260+0200 [DEBUG] [org.gradle.internal.remote.internal.inet.InetAddresses] Is this a loopback interface? false
2022-07-05T11:54:10.261+0200 [DEBUG] [org.gradle.internal.remote.internal.inet.InetAddresses] Adding IP addresses for network interface WAN Miniport (IP)-QoS Packet Scheduler-0000
2022-07-05T11:54:10.263+0200 [DEBUG] [org.gradle.internal.remote.internal.inet.InetAddresses] Is this a loopback interface? false
2022-07-05T11:54:10.263+0200 [DEBUG] [org.gradle.internal.remote.internal.inet.InetAddresses] Adding IP addresses for network interface WAN Miniport (IPv6)-WFP Native MAC Layer LightWeight Filter-0000
2022-07-05T11:54:10.265+0200 [DEBUG] [org.gradle.internal.remote.internal.inet.InetAddresses] Is this a loopback interface? false
2022-07-05T11:54:10.265+0200 [DEBUG] [org.gradle.internal.remote.internal.inet.InetAddresses] Adding IP addresses for network interface WAN Miniport (IPv6)-Deterministic Network Enhancer-0000
2022-07-05T11:54:10.267+0200 [DEBUG] [org.gradle.internal.remote.internal.inet.InetAddresses] Is this a loopback interface? false
2022-07-05T11:54:10.268+0200 [DEBUG] [org.gradle.internal.remote.internal.inet.InetAddresses] Adding IP addresses for network interface WAN Miniport (IPv6)-QoS Packet Scheduler-0000
2022-07-05T11:54:10.270+0200 [DEBUG] [org.gradle.internal.remote.internal.inet.InetAddresses] Is this a loopback interface? false
2022-07-05T11:54:10.270+0200 [DEBUG] [org.gradle.internal.remote.internal.inet.InetAddresses] Adding IP addresses for network interface WAN Miniport (Network Monitor)-WFP Native MAC Layer LightWeight Filter-0000
2022-07-05T11:54:10.272+0200 [DEBUG] [org.gradle.internal.remote.internal.inet.InetAddresses] Is this a loopback interface? false
2022-07-05T11:54:10.272+0200 [DEBUG] [org.gradle.internal.remote.internal.inet.InetAddresses] Adding IP addresses for network interface WAN Miniport (Network Monitor)-QoS Packet Scheduler-0000
2022-07-05T11:54:10.275+0200 [DEBUG] [org.gradle.internal.remote.internal.inet.InetAddresses] Is this a loopback interface? false
2022-07-05T11:54:10.275+0200 [DEBUG] [org.gradle.internal.remote.internal.inet.InetAddresses] Adding IP addresses for network interface Microsoft Wi-Fi Direct Virtual Adapter-WFP 802.3 MAC Layer LightWeight Filter-0000
2022-07-05T11:54:10.278+0200 [DEBUG] [org.gradle.internal.remote.internal.inet.InetAddresses] Is this a loopback interface? false
2022-07-05T11:54:10.278+0200 [DEBUG] [org.gradle.internal.remote.internal.inet.InetAddresses] Adding IP addresses for network interface Microsoft Wi-Fi Direct Virtual Adapter #2-Native WiFi Filter Driver-0000
2022-07-05T11:54:10.280+0200 [DEBUG] [org.gradle.internal.remote.internal.inet.InetAddresses] Is this a loopback interface? false
2022-07-05T11:54:10.280+0200 [DEBUG] [org.gradle.internal.remote.internal.inet.InetAddresses] Adding IP addresses for network interface Microsoft Wi-Fi Direct Virtual Adapter #2-Deterministic Network Enhancer-0000
2022-07-05T11:54:10.283+0200 [DEBUG] [org.gradle.internal.remote.internal.inet.InetAddresses] Is this a loopback interface? false
2022-07-05T11:54:10.283+0200 [DEBUG] [org.gradle.internal.remote.internal.inet.InetAddresses] Adding IP addresses for network interface Microsoft Wi-Fi Direct Virtual Adapter #2-QoS Packet Scheduler-0000
2022-07-05T11:54:10.285+0200 [DEBUG] [org.gradle.internal.remote.internal.inet.InetAddresses] Is this a loopback interface? false
2022-07-05T11:54:10.285+0200 [DEBUG] [org.gradle.internal.remote.internal.inet.InetAddresses] Adding IP addresses for network interface Microsoft Wi-Fi Direct Virtual Adapter #2-WFP 802.3 MAC Layer LightWeight Filter-0000
2022-07-05T11:54:10.287+0200 [DEBUG] [org.gradle.internal.remote.internal.inet.InetAddresses] Is this a loopback interface? false
2022-07-05T11:54:10.288+0200 [DEBUG] [org.gradle.internal.remote.internal.inet.InetAddresses] Adding IP addresses for network interface Cisco AnyConnect Secure Mobility Client Virtual Miniport Adapter for Windows x64-WFP Native MAC Layer LightWeight Filter-0000
2022-07-05T11:54:10.290+0200 [DEBUG] [org.gradle.internal.remote.internal.inet.InetAddresses] Is this a loopback interface? false
2022-07-05T11:54:10.290+0200 [DEBUG] [org.gradle.internal.remote.internal.inet.InetAddresses] Adding IP addresses for network interface Cisco AnyConnect Secure Mobility Client Virtual Miniport Adapter for Windows x64-Deterministic Network Enhancer-0000
2022-07-05T11:54:10.293+0200 [DEBUG] [org.gradle.internal.remote.internal.inet.InetAddresses] Is this a loopback interface? false
2022-07-05T11:54:10.293+0200 [DEBUG] [org.gradle.internal.remote.internal.inet.InetAddresses] Adding IP addresses for network interface Cisco AnyConnect Secure Mobility Client Virtual Miniport Adapter for Windows x64-QoS Packet Scheduler-0000
2022-07-05T11:54:10.297+0200 [DEBUG] [org.gradle.internal.remote.internal.inet.InetAddresses] Is this a loopback interface? false
2022-07-05T11:54:10.297+0200 [DEBUG] [org.gradle.internal.remote.internal.inet.InetAddresses] Adding IP addresses for network interface Cisco AnyConnect Secure Mobility Client Virtual Miniport Adapter for Windows x64-WFP 802.3 MAC Layer LightWeight Filter-0000
2022-07-05T11:54:10.299+0200 [DEBUG] [org.gradle.internal.remote.internal.inet.InetAddresses] Is this a loopback interface? false
2022-07-05T11:54:10.305+0200 [DEBUG] [org.gradle.internal.remote.internal.inet.TcpIncomingConnector] Listening on [4ea76755-bbdc-48c9-887a-bd331c972242 port:53837, addresses:[localhost/127.0.0.1]].
2022-07-05T11:54:10.314+0200 [DEBUG] [org.gradle.launcher.daemon.server.Daemon] Daemon starting at: Tue Jul 05 11:54:10 CEST 2022, with address: [4ea76755-bbdc-48c9-887a-bd331c972242 port:53837, addresses:[localhost/127.0.0.1]]
2022-07-05T11:54:10.315+0200 [INFO] [org.gradle.launcher.daemon.server.DaemonRegistryUpdater] Advertising the daemon address to the clients: [4ea76755-bbdc-48c9-887a-bd331c972242 port:53837, addresses:[localhost/127.0.0.1]]
2022-07-05T11:54:10.315+0200 [DEBUG] [org.gradle.launcher.daemon.server.DaemonRegistryUpdater] Advertised daemon context: DefaultDaemonContext[uid=cc131872-97c3-436d-b5a5-3720acc2f8b4,javaHome=C:\Users\ahobloss\.jdks\corretto-15.0.2,daemonRegistryDir=C:\Users\ahobloss\Documents\GitHub\plantuml-generation-intellij-plugin\src\main\daemon,pid=22172,idleTimeout=10800000,priority=NORMAL,daemonOpts=-XX:MaxMetaspaceSize=256m,-XX:+HeapDumpOnOutOfMemoryError,-agentlib:jdwp=transport=dt_socket,server=n,suspend=y,address=127.0.0.1:53832,--add-opens,java.base/java.util=ALL-UNNAMED,--add-opens,java.base/java.lang=ALL-UNNAMED,--add-opens,java.base/java.lang.invoke=ALL-UNNAMED,--add-opens,java.prefs/java.util.prefs=ALL-UNNAMED,-Xms256m,-Xmx512m,-Dfile.encoding=windows-1252,-Duser.country=US,-Duser.language=en,-Duser.variant]
2022-07-05T11:54:10.316+0200 [DEBUG] [org.gradle.launcher.daemon.registry.PersistentDaemonRegistry] Storing daemon address: [4ea76755-bbdc-48c9-887a-bd331c972242 port:53837, addresses:[localhost/127.0.0.1]], context: DefaultDaemonContext[uid=cc131872-97c3-436d-b5a5-3720acc2f8b4,javaHome=C:\Users\ahobloss\.jdks\corretto-15.0.2,daemonRegistryDir=C:\Users\ahobloss\Documents\GitHub\plantuml-generation-intellij-plugin\src\main\daemon,pid=22172,idleTimeout=10800000,priority=NORMAL,daemonOpts=-XX:MaxMetaspaceSize=256m,-XX:+HeapDumpOnOutOfMemoryError,-agentlib:jdwp=transport=dt_socket,server=n,suspend=y,address=127.0.0.1:53832,--add-opens,java.base/java.util=ALL-UNNAMED,--add-opens,java.base/java.lang=ALL-UNNAMED,--add-opens,java.base/java.lang.invoke=ALL-UNNAMED,--add-opens,java.prefs/java.util.prefs=ALL-UNNAMED,-Xms256m,-Xmx512m,-Dfile.encoding=windows-1252,-Duser.country=US,-Duser.language=en,-Duser.variant]
2022-07-05T11:54:10.326+0200 [DEBUG] [org.gradle.cache.internal.DefaultFileLockManager] Waiting to acquire exclusive lock on daemon addresses registry.
2022-07-05T11:54:10.329+0200 [DEBUG] [org.gradle.cache.internal.DefaultFileLockManager] Lock acquired on daemon addresses registry.
2022-07-05T11:54:10.336+0200 [DEBUG] [org.gradle.cache.internal.DefaultFileLockManager] Releasing lock on daemon addresses registry.
2022-07-05T11:54:10.336+0200 [LIFECYCLE] [org.gradle.launcher.daemon.server.Daemon] Daemon server started.
2022-07-05T11:54:10.338+0200 [DEBUG] [org.gradle.launcher.daemon.bootstrap.DaemonStartupCommunication] Completed writing the daemon greeting. Closing streams...
2022-07-05T11:54:10.342+0200 [DEBUG] [org.gradle.launcher.daemon.server.Daemon] stopOnExpiration() called on daemon
2022-07-05T11:54:10.344+0200 [DEBUG] [org.gradle.internal.remote.internal.inet.TcpIncomingConnector] Accepted connection from /127.0.0.1:53838 to /127.0.0.1:53837.
2022-07-05T11:54:10.344+0200 [DEBUG] [org.gradle.launcher.daemon.server.Daemon] awaitExpiration() called on daemon
2022-07-05T11:54:10.345+0200 [DEBUG] [org.gradle.launcher.daemon.server.DaemonStateCoordinator] daemon is running. Sleeping until state changes.
2022-07-05T11:54:10.399+0200 [DEBUG] [org.gradle.launcher.daemon.server.SynchronizedDispatchConnection] thread 24: received class org.gradle.launcher.daemon.protocol.Build
2022-07-05T11:54:10.399+0200 [DEBUG] [org.gradle.launcher.daemon.server.DefaultDaemonConnection] thread 24: Received non-IO message from client: Build{id=865eea2d-2112-4e59-96de-a60b00316daf, currentDir=C:\Users\ahobloss\Documents\GitHub\plantuml-generation-intellij-plugin}
2022-07-05T11:54:10.400+0200 [INFO] [org.gradle.launcher.daemon.server.DefaultIncomingConnectionHandler] Received command: Build{id=865eea2d-2112-4e59-96de-a60b00316daf, currentDir=C:\Users\ahobloss\Documents\GitHub\plantuml-generation-intellij-plugin}.
2022-07-05T11:54:10.400+0200 [DEBUG] [org.gradle.launcher.daemon.server.DefaultIncomingConnectionHandler] Starting executing command: Build{id=865eea2d-2112-4e59-96de-a60b00316daf, currentDir=C:\Users\ahobloss\Documents\GitHub\plantuml-generation-intellij-plugin} with connection: socket connection from /127.0.0.1:53837 to /127.0.0.1:53838.
2022-07-05T11:54:10.403+0200 [ERROR] [org.gradle.launcher.daemon.server.DaemonStateCoordinator] Command execution: started DaemonCommandExecution[command = Build{id=865eea2d-2112-4e59-96de-a60b00316daf, currentDir=C:\Users\ahobloss\Documents\GitHub\plantuml-generation-intellij-plugin}, connection = DefaultDaemonConnection: socket connection from /127.0.0.1:53837 to /127.0.0.1:53838] after 0.0 minutes of idle
2022-07-05T11:54:10.403+0200 [INFO] [org.gradle.launcher.daemon.server.DaemonRegistryUpdater] Marking the daemon as busy, address: [4ea76755-bbdc-48c9-887a-bd331c972242 port:53837, addresses:[localhost/127.0.0.1]]
2022-07-05T11:54:10.403+0200 [DEBUG] [org.gradle.launcher.daemon.registry.PersistentDaemonRegistry] Marking busy by address: [4ea76755-bbdc-48c9-887a-bd331c972242 port:53837, addresses:[localhost/127.0.0.1]]
2022-07-05T11:54:10.405+0200 [DEBUG] [org.gradle.cache.internal.DefaultFileLockManager] Waiting to acquire exclusive lock on daemon addresses registry.
2022-07-05T11:54:10.405+0200 [DEBUG] [org.gradle.cache.internal.DefaultFileLockManager] Lock acquired on daemon addresses registry.
2022-07-05T11:54:10.407+0200 [DEBUG] [org.gradle.cache.internal.DefaultFileLockManager] Releasing lock on daemon addresses registry.
2022-07-05T11:54:10.407+0200 [DEBUG] [org.gradle.launcher.daemon.server.DaemonStateCoordinator] resetting idle timer
2022-07-05T11:54:10.408+0200 [DEBUG] [org.gradle.launcher.daemon.server.DaemonStateCoordinator] daemon is running. Sleeping until state changes.
2022-07-05T11:54:10.408+0200 [INFO] [org.gradle.launcher.daemon.server.exec.StartBuildOrRespondWithBusy] Daemon is about to start building Build{id=865eea2d-2112-4e59-96de-a60b00316daf, currentDir=C:\Users\ahobloss\Documents\GitHub\plantuml-generation-intellij-plugin}. Dispatching build started information...
2022-07-05T11:54:10.409+0200 [DEBUG] [org.gradle.launcher.daemon.server.SynchronizedDispatchConnection] thread 26: dispatching org.gradle.launcher.daemon.protocol.BuildStarted@65eeef06
2022-07-05T11:54:10.411+0200 [DEBUG] [org.gradle.launcher.daemon.server.exec.EstablishBuildEnvironment] Configuring env variables: [USERDOMAIN_ROAMINGPROFILE, PROCESSOR_LEVEL, SESSIONNAME, ALLUSERSPROFILE, PROCESSOR_ARCHITECTURE, =I:, PSModulePath, SystemDrive, USERNAME, USERDNSDOMAIN, ProgramFiles(x86), FPS_BROWSER_USER_PROFILE_STRING, PATHEXT, DriverData, ProgramData, ProgramW6432, __PSLockDownPolicy, HOMEPATH, PROCESSOR_IDENTIFIER, ProgramFiles, PUBLIC, windir, =::, ZES_ENABLE_SYSMAN, =W:, LOCALAPPDATA, USERDOMAIN, LOGONSERVER, FPS_BROWSER_APP_PROFILE_STRING, JAVA_HOME, MAVEN_OPTS, APPDATA, CommonProgramFiles, Path, OS, COMPUTERNAME, PROCESSOR_REVISION, CommonProgramW6432, ComSpec, UATDATA, TEMP, SystemRoot, HOMEDRIVE, USERPROFILE, TMP, CommonProgramFiles(x86), NUMBER_OF_PROCESSORS, IDEA_INITIAL_DIRECTORY]
2022-07-05T11:54:10.417+0200 [DEBUG] [org.gradle.launcher.daemon.server.exec.LogToClient] About to start relaying all logs to the client via the connection.
2022-07-05T11:54:10.418+0200 [INFO] [org.gradle.launcher.daemon.server.exec.LogToClient] The client will now receive all logging from the daemon (pid: 22172). The daemon log file: C:\Users\ahobloss\Documents\GitHub\plantuml-generation-intellij-plugin\src\main\daemon\6.9\daemon-22172.out.log
2022-07-05T11:54:10.419+0200 [INFO] [org.gradle.launcher.daemon.server.exec.LogAndCheckHealth] Starting build in new daemon [memory: 512 MiB]
2022-07-05T11:54:10.424+0200 [DEBUG] [org.gradle.launcher.daemon.server.exec.ExecuteBuild] The daemon has started executing the build.
2022-07-05T11:54:10.424+0200 [DEBUG] [org.gradle.launcher.daemon.server.exec.ExecuteBuild] Executing build with daemon context: DefaultDaemonContext[uid=cc131872-97c3-436d-b5a5-3720acc2f8b4,javaHome=C:\Users\ahobloss\.jdks\corretto-15.0.2,daemonRegistryDir=C:\Users\ahobloss\Documents\GitHub\plantuml-generation-intellij-plugin\src\main\daemon,pid=22172,idleTimeout=10800000,priority=NORMAL,daemonOpts=-XX:MaxMetaspaceSize=256m,-XX:+HeapDumpOnOutOfMemoryError,-agentlib:jdwp=transport=dt_socket,server=n,suspend=y,address=127.0.0.1:53832,--add-opens,java.base/java.util=ALL-UNNAMED,--add-opens,java.base/java.lang=ALL-UNNAMED,--add-opens,java.base/java.lang.invoke=ALL-UNNAMED,--add-opens,java.prefs/java.util.prefs=ALL-UNNAMED,-Xms256m,-Xmx512m,-Dfile.encoding=windows-1252,-Duser.country=US,-Duser.language=en,-Duser.variant]
Using 8 worker leases.
Watching the file system is disabled
Starting Build
Settings evaluated using settings file 'C:\Users\ahobloss\Documents\GitHub\plantuml-generation-intellij-plugin\settings.gradle'.
Projects loaded. Root project using build file 'C:\Users\ahobloss\Documents\GitHub\plantuml-generation-intellij-plugin\build.gradle'.
Included projects: [root project 'plantuml-generation-intellij-plugin']
Evaluating root project 'plantuml-generation-intellij-plugin' using build file 'C:\Users\ahobloss\Documents\GitHub\plantuml-generation-intellij-plugin\build.gradle'.
Compiling build file 'C:\Users\ahobloss\Documents\GitHub\plantuml-generation-intellij-plugin\build.gradle' using SubsetScriptTransformer.
[gradle-intellij-plugin :plantuml-generation-intellij-plugin] Configuring plugin
[gradle-intellij-plugin :plantuml-generation-intellij-plugin] Configuring patch plugin.xml task
[gradle-intellij-plugin :plantuml-generation-intellij-plugin] Configuring robot-server download Task
[gradle-intellij-plugin :plantuml-generation-intellij-plugin] Configuring prepareSandbox task
[gradle-intellij-plugin :plantuml-generation-intellij-plugin] Configuring prepareTestingSandbox task
[gradle-intellij-plugin :plantuml-generation-intellij-plugin] Configuring prepareUiTestingSandbox task
[gradle-intellij-plugin :plantuml-generation-intellij-plugin] Configuring run plugin verifier task
[gradle-intellij-plugin :plantuml-generation-intellij-plugin] Configuring plugin verification task
[gradle-intellij-plugin :plantuml-generation-intellij-plugin] Configuring run IDE task
[gradle-intellij-plugin :plantuml-generation-intellij-plugin] Configuring run IDE for ui tests task
[gradle-intellij-plugin :plantuml-generation-intellij-plugin] Configuring build searchable options task
[gradle-intellij-plugin :plantuml-generation-intellij-plugin] Configuring jar searchable options task
[gradle-intellij-plugin :plantuml-generation-intellij-plugin] Configuring building plugin task
[gradle-intellij-plugin :plantuml-generation-intellij-plugin] Configuring publish plugin task
[gradle-intellij-plugin :plantuml-generation-intellij-plugin] Configuring resources task
[gradle-intellij-plugin :plantuml-generation-intellij-plugin] Configuring compile tasks
kotlin scripting plugin: created the scripting discovery configuration: kotlinScriptDef
kotlin scripting plugin: created the scripting discovery configuration: testKotlinScriptDef
Compiling build file 'C:\Users\ahobloss\Documents\GitHub\plantuml-generation-intellij-plugin\build.gradle' using BuildScriptTransformer.
[gradle-intellij-plugin :plantuml-generation-intellij-plugin] Configuring tests tasks
All projects evaluated.
Selected primary task 'runIde' from project :
[gradle-intellij-plugin :plantuml-generation-intellij-plugin] Configuring IDE dependency
[gradle-intellij-plugin :plantuml-generation-intellij-plugin] Using IDE from remote repository
[gradle-intellij-plugin :plantuml-generation-intellij-plugin] IDE dependency cache directory: C:\Users\ahobloss\Documents\GitHub\plantuml-generation-intellij-plugin\src\main\caches\modules-2\files-2.1\com.jetbrains.intellij.idea\ideaIC\2021.2\b0727ceddea2b62b16825db9308e14a470198e7f\ideaIC-2021.2
[gradle-intellij-plugin :plantuml-generation-intellij-plugin] Adding IDE sources repository
[gradle-intellij-plugin :plantuml-generation-intellij-plugin] IC-212.4746.92 is used for building
[gradle-intellij-plugin :plantuml-generation-intellij-plugin] Configuring plugin dependencies
[gradle-intellij-plugin :plantuml-generation-intellij-plugin] Configuring plugin com.intellij.java
[gradle-intellij-plugin :plantuml-generation-intellij-plugin] Looking for builtin com.intellij.java in C:\Users\ahobloss\Documents\GitHub\plantuml-generation-intellij-plugin\src\main\caches\modules-2\files-2.1\com.jetbrains.intellij.idea\ideaIC\2021.2\b0727ceddea2b62b16825db9308e14a470198e7f\ideaIC-2021.2
[gradle-intellij-plugin :plantuml-generation-intellij-plugin] Configuring plugin Git4Idea
[gradle-intellij-plugin :plantuml-generation-intellij-plugin] Looking for builtin Git4Idea in C:\Users\ahobloss\Documents\GitHub\plantuml-generation-intellij-plugin\src\main\caches\modules-2\files-2.1\com.jetbrains.intellij.idea\ideaIC\2021.2\b0727ceddea2b62b16825db9308e14a470198e7f\ideaIC-2021.2
[gradle-intellij-plugin :plantuml-generation-intellij-plugin] Looking for builtin java in C:\Users\ahobloss\Documents\GitHub\plantuml-generation-intellij-plugin\src\main\caches\modules-2\files-2.1\com.jetbrains.intellij.idea\ideaIC\2021.2\b0727ceddea2b62b16825db9308e14a470198e7f\ideaIC-2021.2
[gradle-intellij-plugin :plantuml-generation-intellij-plugin] Looking for builtin git4idea in C:\Users\ahobloss\Documents\GitHub\plantuml-generation-intellij-plugin\src\main\caches\modules-2\files-2.1\com.jetbrains.intellij.idea\ideaIC\2021.2\b0727ceddea2b62b16825db9308e14a470198e7f\ideaIC-2021.2

FAILURE: Build failed with an exception.

* What went wrong:
Could not determine the dependencies of task ':prepareSandbox'.
> Could not resolve all files for configuration ':runtimeClasspath'.
   > Could not resolve io.jenetics:jenetics:7.1.0.
     Required by:
         project :
      > No matching variant of io.jenetics:jenetics:7.1.0 was found. The consumer was configured to find a runtime of a library compatible with Java 11, packaged as a jar, and its dependencies declared externally, as well as attribute 'org.jetbrains.kotlin.platform.type' with value 'jvm' but:
          - Variant 'apiElements' capability io.jenetics:jenetics:7.1.0 declares a library, packaged as a jar, and its dependencies declared externally:
              - Incompatible because this component declares an API of a component compatible with Java 17 and the consumer needed a runtime of a component compatible with Java 11
              - Other compatible attribute:
                  - Doesn't say anything about org.jetbrains.kotlin.platform.type (required 'jvm')
          - Variant 'javadocElements' capability io.jenetics:jenetics:7.1.0 declares a runtime of a component, and its dependencies declared externally:
              - Incompatible because this component declares documentation and the consumer needed a library
              - Other compatible attributes:
                  - Doesn't say anything about its target Java version (required compatibility with Java 11)
                  - Doesn't say anything about its elements (required them packaged as a jar)
                  - Doesn't say anything about org.jetbrains.kotlin.platform.type (required 'jvm')
          - Variant 'runtimeElements' capability io.jenetics:jenetics:7.1.0 declares a runtime of a library, packaged as a jar, and its dependencies declared externally:
              - Incompatible because this component declares a component compatible with Java 17 and the consumer needed a component compatible with Java 11
              - Other compatible attribute:
                  - Doesn't say anything about org.jetbrains.kotlin.platform.type (required 'jvm')
          - Variant 'sourcesElements' capability io.jenetics:jenetics:7.1.0 declares a runtime of a component, and its dependencies declared externally:
              - Incompatible because this component declares documentation and the consumer needed a library
              - Other compatible attributes:
                  - Doesn't say anything about its target Java version (required compatibility with Java 11)
                  - Doesn't say anything about its elements (required them packaged as a jar)
                  - Doesn't say anything about org.jetbrains.kotlin.platform.type (required 'jvm')

* Try:
Run with --stacktrace option to get the stack trace. Run with --debug option to get more log output. Run with --scan to get full insights.

* Get more help at https://help.gradle.org

Deprecated Gradle features were used in this build, making it incompatible with Gradle 7.0.
Use '--warning-mode all' to show the individual deprecation warnings.
See https://docs.gradle.org/6.9/userguide/command_line_interface.html#sec:command_line_warnings

BUILD FAILED in 7s

Publishing a build scan to scans.gradle.com requires accepting the Gradle Terms of Service defined at https://gradle.com/terms-of-service. Do you accept these terms? [yes, no] Received command: InvalidateVirtualFileSystem[id=5f398338-d249-469a-ae8c-0d8a26fd7c8c].
Invalidating [C:\Users\ahobloss\Documents\GitHub\plantuml-generation-intellij-plugin\build.gradle]
